  ▲ Next.js 14.2.14

   Creating an optimized production build ...
 ✓ Compiled successfully
   Linting and checking validity of types ...
   Collecting page data ...
   Generating static pages (0/21) ...
   Generating static pages (5/21) 
   Generating static pages (10/21) 
   Generating static pages (15/21) 
 ✓ Generating static pages (21/21)
   Finalizing page optimization ...
   Collecting build traces ...

Route (app)                              Size     First Load JS
┌ ○ /                                    662 B          87.8 kB
├ ○ /_not-found                          150 B          87.3 kB
├ ƒ /api/auth/[...nextauth]              0 B                0 B
├ ƒ /api/auth/forgot-password            0 B                0 B
├ ƒ /api/auth/register                   0 B                0 B
├ ƒ /api/auth/reset-password             0 B                0 B
├ ƒ /api/auth/verify-email               0 B                0 B
├ ƒ /customers                           1.52 kB        95.5 kB
├ ƒ /customers/[id]                      891 B          94.9 kB
├ ƒ /customers/[id]/edit                 2.2 kB         89.4 kB
├ ƒ /customers/new                       2.2 kB         89.4 kB
├ ○ /forgot-password                     1.6 kB         95.6 kB
├ ○ /login                               11.3 kB         105 kB
├ ƒ /orders                              1.56 kB        95.5 kB
├ ƒ /orders/[id]                         891 B          94.9 kB
├ ƒ /orders/[id]/edit                    135 B          90.9 kB
├ ƒ /orders/new                          135 B          90.9 kB
├ ƒ /products                            1.56 kB        95.5 kB
├ ƒ /products/[id]                       890 B          94.9 kB
├ ƒ /products/[id]/edit                  2.19 kB        89.4 kB
├ ƒ /products/new                        2.19 kB        89.4 kB
├ ○ /register                            1.77 kB        95.8 kB
├ ○ /reset-password                      1.65 kB        95.6 kB
├ ƒ /settings                            662 B          87.8 kB
├ ƒ /statistics                          462 B          87.6 kB
└ ○ /verify-email                        849 B          94.8 kB
+ First Load JS shared by all            87.2 kB
  ├ chunks/117-0f0882c403025115.js       31.6 kB
  ├ chunks/fd9d1056-92fb2d664f421155.js  53.6 kB
  └ other shared chunks (total)          1.95 kB


○  (Static)   prerendered as static content
ƒ  (Dynamic)  server-rendered on demand

